Build started 9/23/2016 4:11:38 PM.
     1>Project "B:\c++\SocialNetwork\SocialNetwork\SocialNetwork.vcxproj" on node 2 (Build target(s)).
     1>ClCompile:
         C:\Program Files (x86)\Microsoft Visual Studio 12.0\VC\bin\CL.exe /c /ZI /nologo /W3 /WX- /sdl /Od /Oy- /D _CRT_SECURE_NO_WARNINGS /D WIN32 /D _DEBUG /D _CONSOLE /D _LIB /D _UNICODE /D UNICODE /Gm /EHsc /RTC1 /MDd /GS /fp:precise /Zc:wchar_t /Zc:forScope /Yu"stdafx.h" /Fp"Debug\SocialNetwork.pch" /Fo"Debug\\" /Fd"Debug\vc120.pdb" /Gd /TP /analyze- /errorReport:prompt MyNetwork.cpp
         MyNetwork.cpp
     1>b:\c++\socialnetwork\socialnetwork\mynetwork.cpp(279): warning C4244: '=' : conversion from 'std::streamoff' to 'int', possible loss of data
     1>b:\c++\socialnetwork\socialnetwork\mynetwork.cpp(372): warning C4018: '<' : signed/unsigned mismatch
     1>b:\c++\socialnetwork\socialnetwork\mynetwork.cpp(552): warning C4018: '<' : signed/unsigned mismatch
     1>b:\c++\socialnetwork\socialnetwork\mynetwork.cpp(670): warning C4018: '<' : signed/unsigned mismatch
     1>b:\c++\socialnetwork\socialnetwork\mynetwork.cpp(702): warning C4244: 'initializing' : conversion from 'std::streamoff' to 'int', possible loss of data
     1>b:\c++\socialnetwork\socialnetwork\mynetwork.cpp(753): warning C4244: '=' : conversion from 'std::streamoff' to 'int', possible loss of data
     1>b:\c++\socialnetwork\socialnetwork\mynetwork.cpp(827): warning C4018: '<' : signed/unsigned mismatch
     1>b:\c++\socialnetwork\socialnetwork\mynetwork.cpp(393): warning C4715: 'am_I_Friend_With_You' : not all control paths return a value
     1>b:\c++\socialnetwork\socialnetwork\mynetwork.cpp(447): warning C4715: 'do_I_Have_A_Friend_Request_From' : not all control paths return a value
     1>b:\c++\socialnetwork\socialnetwork\mynetwork.cpp(618): warning C4715: 'listFriendrequests' : not all control paths return a value
     1>b:\c++\socialnetwork\socialnetwork\mynetwork.cpp(683): warning C4715: 'listFriends' : not all control paths return a value
     1>b:\c++\socialnetwork\socialnetwork\mynetwork.cpp(1416): warning C4715: 'tryToRegistrate' : not all control paths return a value
     1>b:\c++\socialnetwork\socialnetwork\mynetwork.cpp(263): warning C4715: 'validateUsernameAndPassword' : not all control paths return a value
       Link:
         C:\Program Files (x86)\Microsoft Visual Studio 12.0\VC\bin\link.exe /ERRORREPORT:PROMPT /OUT:"B:\c++\SocialNetwork\Debug\SocialNetwork.exe" /INCREMENTAL /NOLOGO kernel32.lib user32.lib gdi32.lib winspool.lib comdlg32.lib advapi32.lib shell32.lib ole32.lib oleaut32.lib uuid.lib odbc32.lib odbccp32.lib /MANIFEST /MANIFESTUAC:"level='asInvoker' uiAccess='false'" /manifest:embed /DEBUG /PDB:"B:\c++\SocialNetwork\Debug\SocialNetwork.pdb" /SUBSYSTEM:CONSOLE /TLBID:1 /DYNAMICBASE /NXCOMPAT /IMPLIB:"B:\c++\SocialNetwork\Debug\SocialNetwork.lib" /MACHINE:X86 Debug\input.obj
         Debug\MyNetwork.obj
         Debug\SocialNetwork.obj
         Debug\stdafx.obj
         SocialNetwork.vcxproj -> B:\c++\SocialNetwork\Debug\SocialNetwork.exe
     1>Done Building Project "B:\c++\SocialNetwork\SocialNetwork\SocialNetwork.vcxproj" (Build target(s)).

Build succeeded.

Time Elapsed 00:00:01.17
